2026-04-02 09:52:07 WARNING  [static_analyzer:31] Unsupported programming language: Dart. Skipping.
2026-04-02 09:52:07 WARNING  [static_analyzer:31] Unsupported programming language: JSON. Skipping.
2026-04-02 09:52:07 WARNING  [static_analyzer.typescript_config_scanner:50] No TypeScript configuration files found in D:\2026\invision
2026-04-02 09:52:07 INFO     [static_analyzer:57] No TypeScript config files found, using repository root
2026-04-02 09:52:08 WARNING  [static_analyzer.typescript_config_scanner:50] No TypeScript configuration files found in D:\2026\invision
2026-04-02 09:52:08 INFO     [static_analyzer:57] No TypeScript config files found, using repository root
2026-04-02 09:52:08 INFO     [static_analyzer:141] Starting LSP client for JavaScript
2026-04-02 09:52:08 WARNING  [static_analyzer.lsp_client.typescript_client:47] node_modules not found in D:\2026\invision
2026-04-02 09:52:08 WARNING  [static_analyzer.lsp_client.typescript_client:52] package.json not found in D:\2026\invision.
2026-04-02 09:52:08 INFO     [static_analyzer.lsp_client.client:139] Starting server C:\Users\satan\AppData\Local\Programs\Microsoft VS Code\Code.exe C:\Users\satan\.codeboarding\servers\node_modules\typescript-language-server\lib\cli.mjs --stdio --log-level=2...
2026-04-02 09:52:08 INFO     [static_analyzer.lsp_client.typescript_client:57] Initializing connection for javascript...
2026-04-02 09:52:08 INFO     [static_analyzer.lsp_client.typescript_client:88] Initialization successful.
2026-04-02 09:52:09 INFO     [static_analyzer.lsp_client.typescript_client:115] Found 9 TypeScript/JavaScript files
2026-04-02 09:52:09 INFO     [static_analyzer.lsp_client.typescript_client:167] Opening sample files to bootstrap TypeScript project...
2026-04-02 09:52:09 INFO     [static_analyzer.lsp_client.typescript_client:186] Waiting 8s for TypeScript server to initialize project...
2026-04-02 09:52:17 INFO     [static_analyzer.lsp_client.typescript_client:191] TypeScript project successfully loaded!
2026-04-02 09:52:17 INFO     [static_analyzer.lsp_client.client:460] Sending workspace configuration for javascript...
2026-04-02 09:52:17 INFO     [static_analyzer.lsp_client.client:468] Workspace configuration sent for javascript
2026-04-02 09:52:17 INFO     [static_analyzer:141] Starting LSP client for PHP
2026-04-02 09:52:17 INFO     [static_analyzer.lsp_client.client:139] Starting server C:\Users\satan\AppData\Local\Programs\Microsoft VS Code\Code.exe C:\Users\satan\.codeboarding\servers\node_modules\intelephense\lib\intelephense.js --stdio...
2026-04-02 09:52:17 INFO     [static_analyzer.lsp_client.client:411] Initializing connection for php...
2026-04-02 09:52:18 INFO     [static_analyzer.lsp_client.client:446] Initialization successful.
2026-04-02 09:52:18 INFO     [static_analyzer.lsp_client.client:460] Sending workspace configuration for php...
2026-04-02 09:52:18 INFO     [static_analyzer.lsp_client.client:468] Workspace configuration sent for php
2026-04-02 09:52:18 INFO     [static_analyzer:141] Starting LSP client for TypeScript
2026-04-02 09:52:18 WARNING  [static_analyzer.lsp_client.typescript_client:47] node_modules not found in D:\2026\invision
2026-04-02 09:52:18 WARNING  [static_analyzer.lsp_client.typescript_client:52] package.json not found in D:\2026\invision.
2026-04-02 09:52:18 INFO     [static_analyzer.lsp_client.client:139] Starting server C:\Users\satan\AppData\Local\Programs\Microsoft VS Code\Code.exe C:\Users\satan\.codeboarding\servers\node_modules\typescript-language-server\lib\cli.mjs --stdio --log-level=2...
2026-04-02 09:52:18 INFO     [static_analyzer.lsp_client.typescript_client:57] Initializing connection for typescript...
2026-04-02 09:52:18 INFO     [static_analyzer.lsp_client.typescript_client:88] Initialization successful.
2026-04-02 09:52:21 INFO     [static_analyzer.lsp_client.typescript_client:115] Found 9 TypeScript/JavaScript files
2026-04-02 09:52:21 INFO     [static_analyzer.lsp_client.typescript_client:167] Opening sample files to bootstrap TypeScript project...
2026-04-02 09:52:21 INFO     [static_analyzer.lsp_client.typescript_client:186] Waiting 8s for TypeScript server to initialize project...
2026-04-02 09:52:29 INFO     [static_analyzer.lsp_client.typescript_client:191] TypeScript project successfully loaded!
2026-04-02 09:52:29 INFO     [static_analyzer.lsp_client.client:460] Sending workspace configuration for typescript...
2026-04-02 09:52:29 INFO     [static_analyzer.lsp_client.client:468] Workspace configuration sent for typescript
2026-04-02 09:52:29 INFO     [codeboarding_pro.session:108] Session 8adf1240-1ff6-4690-a4e6-f0d959832eee initialized: repo=d:\2026\invision, project=invision, output=d:\2026\invision\.codeboarding
